[main 0246cb8] updated at Fri May  1 11:02:53 IST 2026
 1 file changed, 0 insertions(+), 0 deletions(-)
 create mode 100644 output_arXiv-w.log
Already up to date.
To github.com:toAtulArora/arXiv-w.git
   9e6ed75..0246cb8  main -> main
Press Enter to trigger early...[main e12730a] updated at Fri May  1 11:03:37 IST 2026
 1 file changed, 7 insertions(+)
Already up to date.
To github.com:toAtulArora/arXiv-w.git
   0246cb8..e12730a  main -> main
Press Enter to trigger early...[main 1a46ec0] updated at Fri May  1 11:03:44 IST 2026
 1 file changed, 5 insertions(+)
Already up to date.
To github.com:toAtulArora/arXiv-w.git
   e12730a..1a46ec0  main -> main
Press Enter to trigger early...Already up to date.
Everything up-to-date
Press Enter to trigger early...Already up to date.
Already up to date.
[main c4df17f] updated at Fri May  1 11:09:49 IST 2026
 2 files changed, 7 insertions(+), 6 deletions(-)
Already up to date.
