[main b273dfd] updated at Fri May  1 09:55:57 IST 2026
 1 file changed, 0 insertions(+), 0 deletions(-)
 create mode 100644 output.log
Already up to date.
To github.com:toAtulArora/arXiv-w.git
   93d192a..b273dfd  main -> main
[main b398add] updated at Fri May  1 09:56:03 IST 2026
 1 file changed, 6 insertions(+)
Already up to date.
To github.com:toAtulArora/arXiv-w.git
   b273dfd..b398add  main -> main
[main 2ca2623] updated at Fri May  1 09:56:08 IST 2026
 1 file changed, 5 insertions(+)
Already up to date.
To github.com:toAtulArora/arXiv-w.git
   b398add..2ca2623  main -> main
[main abb5900] updated at Fri May  1 09:56:13 IST 2026
 1 file changed, 5 insertions(+)
Already up to date.
To github.com:toAtulArora/arXiv-w.git
   2ca2623..abb5900  main -> main
[main 3cf9d0a] updated at Fri May  1 09:56:19 IST 2026
 1 file changed, 5 insertions(+)
Already up to date.
To github.com:toAtulArora/arXiv-w.git
   abb5900..3cf9d0a  main -> main
[main d291159] updated at Fri May  1 09:56:24 IST 2026
 1 file changed, 5 insertions(+)
Already up to date.
To github.com:toAtulArora/arXiv-w.git
   3cf9d0a..d291159  main -> main
[main af46a09] updated at Fri May  1 09:56:30 IST 2026
 1 file changed, 5 insertions(+)
Already up to date.
To github.com:toAtulArora/arXiv-w.git
   d291159..af46a09  main -> main
[main 6081b88] updated at Fri May  1 09:56:35 IST 2026
 1 file changed, 5 insertions(+)
Already up to date.
To github.com:toAtulArora/arXiv-w.git
   af46a09..6081b88  main -> main
